<?xml version="1.0" encoding="UTF-8"?>
<!-- Generated by org.testng.reporters.JUnitXMLReporter -->
<testsuite ignored="1" hostname="co-ashariff-lt1" failures="0" tests="1" name="Surefire test" time="20.393" errors="0" timestamp="2023-08-16T11:43:50 IST">
  <testcase classname="tests.ContactFormTests.SearchTextTest" name="testSearchText" time="2.294"/>
  <testcase classname="tests.ContactFormTests.ContactUsTest" name="testContactUsSubmissionForm" time="0.0">
    <ignored/>
  </testcase> <!-- testContactUsSubmissionForm -->
</testsuite> <!-- Surefire test -->
