<?xml version="1.0" encoding="UTF-8"?>
<testng-results ignored="0" total="1" passed="1" failed="0" skipped="0">
  <reporter-output>
  </reporter-output>
  <suite started-at="2023-08-16T11:43:29 IST" name="Surefire suite" finished-at="2023-08-16T11:43:50 IST" duration-ms="20393">
    <groups>
    </groups>
    <test started-at="2023-08-16T11:43:29 IST" name="Surefire test" finished-at="2023-08-16T11:43:50 IST" duration-ms="20393">
      <class name="tests.ContactFormTests.SearchTextTest">
        <test-method is-config="true" signature="setUp()[pri:0, instance:tests.ContactFormTests.SearchTextTest@47d90b9e]" started-at="2023-08-16T11:43:29 IST" name="setUp" finished-at="2023-08-16T11:43:35 IST" duration-ms="5811" status="PASS">
          <reporter-output>
          </reporter-output>
        </test-method> <!-- setUp -->
        <test-method is-config="true" signature="goToHomePage()[pri:0, instance:tests.ContactFormTests.SearchTextTest@47d90b9e]" started-at="2023-08-16T11:43:35 IST" name="goToHomePage" finished-at="2023-08-16T11:43:44 IST" duration-ms="8423" status="PASS">
          <reporter-output>
          </reporter-output>
        </test-method> <!-- goToHomePage -->
        <test-method signature="testSearchText()[pri:0, instance:tests.ContactFormTests.SearchTextTest@47d90b9e]" started-at="2023-08-16T11:43:44 IST" name="testSearchText" finished-at="2023-08-16T11:43:46 IST" duration-ms="2294" status="PASS">
          <reporter-output>
          </reporter-output>
        </test-method> <!-- testSearchText -->
        <test-method is-config="true" signature="tearDown()[pri:0, instance:tests.ContactFormTests.SearchTextTest@47d90b9e]" started-at="2023-08-16T11:43:46 IST" name="tearDown" finished-at="2023-08-16T11:43:50 IST" duration-ms="3818" status="PASS">
          <reporter-output>
          </reporter-output>
        </test-method> <!-- tearDown -->
      </class> <!-- tests.ContactFormTests.SearchTextTest -->
    </test> <!-- Surefire test -->
  </suite> <!-- Surefire suite -->
</testng-results>
