<?xml version="1.0" encoding="UTF-8"?>
<testsuite xmlns:xsi="http://www.w3.org/2001/XMLSchema-instance" xsi:noNamespaceSchemaLocation="https://maven.apache.org/surefire/maven-surefire-plugin/xsd/surefire-test-report-3.0.xsd" version="3.0" name="TestSuite" time="21.03" tests="1" errors="0" skipped="0" failures="0">
  <properties>
[...]
</properties>
  <testcase name="testSearchText" classname="tests.ContactFormTests.SearchTextTest" time="2.294">
    <system-out><![CDATA[Set Up Done. Browser initialized and opened
------userInputText--------
SUCCESSFUL COMPANIES THAT OUTSOURCED SOME OF THEIR DEVELOPMENT
SUCCESSFUL COMPANIES THAT OUTSOURCED SOME OF THEIR DEVELOPMENT
]]></system-out>
    <system-err><![CDATA[SLF4J: Failed to load class "org.slf4j.impl.StaticLoggerBinder".
SLF4J: Defaulting to no-operation (NOP) logger implementation
SLF4J: See http://www.slf4j.org/codes.html#StaticLoggerBinder for further details.
]]></system-err>
  </testcase>
</testsuite>